~~~~~~~~~~~~~~~~~~~~~~~~~~~~~~~~~~~~~~~~~~~~~~~~~~~~~~~~~~~~~~~~~~~~~~~~~~~~~~~
Tree - random unordered tree
~~~~~~~~~~~~~~~~~~~~~~~~~~~~~~~~~~~~~~~~~~~~~~~~~~~~~~~~~~~~~~~~~~~~~~~~~~~~~~~
height: 4
ordered iteratively: false
ordered recursively: false
                        ______ 1 ______                          
                 ______/               \______                   
            __ 3                            __ 2 __              
         __/                             __/       \__           
       4                               7               5         
     /                               /               /           
   9                               8               6             
                                  /                              
                                 10                              

printLeftRight: 9 4 3 1 10 8 7 2 6 5 

preorder: 1 3 4 9 2 7 8 10 5 6 
inorder: 9 4 3 1 10 8 7 2 6 5 

~~~~~~~~~~~~~~~~~~~~~~~~~~~~~~~~~~~~~~~~~~~~~~~~~~~~~~~~~~~~~~~~~~~~~~~~~~~~~~~
Mirrored - the mirror image of the above tree
~~~~~~~~~~~~~~~~~~~~~~~~~~~~~~~~~~~~~~~~~~~~~~~~~~~~~~~~~~~~~~~~~~~~~~~~~~~~~~~
height: 4
ordered iteratively: false
ordered recursively: false
                        ______ 1 ______                          
                 ______/               \______                   
            __ 2 __                            3 __              
         __/       \__                             \__           
       5               7                               4         
         \               \                               \       
           6               8                               9     
                            \                                    
                             10                                  

printLeftRight: 5 6 2 7 8 10 1 3 4 9 

preorder: 1 2 5 6 7 8 10 3 4 9 
inorder: 5 6 2 7 8 10 1 3 4 9 

~~~~~~~~~~~~~~~~~~~~~~~~~~~~~~~~~~~~~~~~~~~~~~~~~~~~~~~~~~~~~~~~~~~~~~~~~~~~~~~
BST - random ordered tree
~~~~~~~~~~~~~~~~~~~~~~~~~~~~~~~~~~~~~~~~~~~~~~~~~~~~~~~~~~~~~~~~~~~~~~~~~~~~~~~
height: 4
ordered iteratively: true
ordered recursively: true
                        ______ 10                                
                 ______/                                         
            __ 6 __                                              
         __/       \__                                           
       3               9                                         
     /   \           /                                           
   1       5       8                                             
    \     /       /                                              
     2   4       7                                               

printLeftRight: 1 2 3 4 5 6 7 8 9 10 

preorder: 10 6 3 1 2 5 4 9 8 7 
inorder: 1 2 3 4 5 6 7 8 9 10 

~~~~~~~~~~~~~~~~~~~~~~~~~~~~~~~~~~~~~~~~~~~~~~~~~~~~~~~~~~~~~~~~~~~~~~~~~~~~~~~
BST Mirrored - the mirror image of the above BST
~~~~~~~~~~~~~~~~~~~~~~~~~~~~~~~~~~~~~~~~~~~~~~~~~~~~~~~~~~~~~~~~~~~~~~~~~~~~~~~
height: 4
ordered iteratively: false
ordered recursively: false
                               10 _____                          
                                       \______                   
                                            __ 6 __              
                                         __/       \__           
                                       9               3         
                                         \           /   \       
                                           8       5       1     
                                            \       \     /      
                                             7       4   2       

printLeftRight: 10 9 8 7 6 5 4 3 2 1 

preorder: 10 6 9 8 7 3 5 4 1 2 
inorder: 10 9 8 7 6 5 4 3 2 1 

~~~~~~~~~~~~~~~~~~~~~~~~~~~~~~~~~~~~~~~~~~~~~~~~~~~~~~~~~~~~~~~~~~~~~~~~~~~~~~~
Almost BST - a tree that has one element out of place
~~~~~~~~~~~~~~~~~~~~~~~~~~~~~~~~~~~~~~~~~~~~~~~~~~~~~~~~~~~~~~~~~~~~~~~~~~~~~~~
height: 3
ordered iteratively: true
ordered recursively: true
            __ 2 __              
         __/       \__           
       1               8         
                     /           
                   7             
                  /              
                 5               

printLeftRight: 1 2 5 7 8 

preorder: 2 1 8 7 5 
inorder: 1 2 5 7 8